# JRE version: OpenJDK Runtime Environment (11.0.11+9) (build 11.0.11+9-b60-7590822)
# Java VM: OpenJDK 64-Bit Server VM (11.0.11+9-b60-7590822, mixed mode, tiered, compressed oops, g1 gc, windows-amd64)
Heap:
 garbage-first heap   total 145408K, used 46318K [0x0000000080000000, 0x0000000100000000)
  region size 1024K, 20 young (20480K), 6 survivors (6144K)
 Metaspace       used 47953K, capacity 49203K, committed 49484K, reserved 1091584K
  class space    used 6130K, capacity 6629K, committed 6732K, reserved 1048576K
GC Heap History (18 events):
Event: 0.628 GC heap before
{Heap before GC invocations=0 (full 0):
 garbage-first heap   total 120832K, used 29696K [0x0000000080000000, 0x0000000100000000)
  region size 1024K, 24 young (24576K), 0 survivors (0K)
 Metaspace       used 10256K, capacity 10495K, committed 10624K, reserved 1058816K
  class space    used 1072K, capacity 1141K, committed 1152K, reserved 1048576K
}
Event: 0.635 GC heap after
{Heap after GC invocations=1 (full 0):
 garbage-first heap   total 120832K, used 9277K [0x0000000080000000, 0x0000000100000000)
  region size 1024K, 3 young (3072K), 3 survivors (3072K)
 Metaspace       used 10256K, capacity 10495K, committed 10624K, reserved 1058816K
  class space    used 1072K, capacity 1141K, committed 1152K, reserved 1048576K
}
Event: 2.115 GC heap before
{Heap before GC invocations=1 (full 0):
 garbage-first heap   total 120832K, used 77885K [0x0000000080000000, 0x0000000100000000)
  region size 1024K, 70 young (71680K), 3 survivors (3072K)
 Metaspace       used 17320K, capacity 17676K, committed 17792K, reserved 1064960K
  class space    used 2029K, capacity 2155K, committed 2176K, reserved 1048576K
}
Event: 2.121 GC heap after
{Heap after GC invocations=2 (full 0):
 garbage-first heap   total 120832K, used 15862K [0x0000000080000000, 0x0000000100000000)
  region size 1024K, 9 young (9216K), 9 survivors (9216K)
 Metaspace       used 17320K, capacity 17676K, committed 17792K, reserved 1064960K
  class space    used 2029K, capacity 2155K, committed 2176K, reserved 1048576K
}
Event: 2.530 GC heap before
{Heap before GC invocations=2 (full 0):
 garbage-first heap   total 120832K, used 46582K [0x0000000080000000, 0x0000000100000000)
  region size 1024K, 40 young (40960K), 9 survivors (9216K)
 Metaspace       used 20709K, capacity 21085K, committed 21248K, reserved 1067008K
  class space    used 2545K, capacity 2695K, committed 2816K, reserved 1048576K
}
Event: 2.540 GC heap after
{Heap after GC invocations=3 (full 0):
 garbage-first heap   total 120832K, used 16807K [0x0000000080000000, 0x0000000100000000)
  region size 1024K, 2 young (2048K), 2 survivors (2048K)
 Metaspace       used 20709K, capacity 21085K, committed 21248K, reserved 1067008K
  class space    used 2545K, capacity 2695K, committed 2816K, reserved 1048576K
}
Event: 3.325 GC heap before
{Heap before GC invocations=4 (full 0):
 garbage-first heap   total 120832K, used 65959K [0x0000000080000000, 0x0000000100000000)
  region size 1024K, 50 young (51200K), 2 survivors (2048K)
 Metaspace       used 25881K, capacity 26448K, committed 26752K, reserved 1073152K
  class space    used 3383K, capacity 3617K, committed 3712K, reserved 1048576K
}
Event: 3.329 GC heap after
{Heap after GC invocations=5 (full 0):
 garbage-first heap   total 120832K, used 18627K [0x0000000080000000, 0x0000000100000000)
  region size 1024K, 4 young (4096K), 4 survivors (4096K)
 Metaspace       used 25881K, capacity 26448K, committed 26752K, reserved 1073152K
  class space    used 3383K, capacity 3617K, committed 3712K, reserved 1048576K
}
Event: 4.423 GC heap before
{Heap before GC invocations=5 (full 0):
 garbage-first heap   total 120832K, used 71875K [0x0000000080000000, 0x0000000100000000)
  region size 1024K, 56 young (57344K), 4 survivors (4096K)
 Metaspace       used 31599K, capacity 32288K, committed 32512K, reserved 1077248K
  class space    used 4222K, capacity 4504K, committed 4608K, reserved 1048576K
}
Event: 4.429 GC heap after
{Heap after GC invocations=6 (full 0):
 garbage-first heap   total 120832K, used 21084K [0x0000000080000000, 0x0000000100000000)
  region size 1024K, 6 young (6144K), 6 survivors (6144K)
 Metaspace       used 31599K, capacity 32288K, committed 32512K, reserved 1077248K
  class space    used 4222K, capacity 4504K, committed 4608K, reserved 1048576K
}
Event: 4.836 GC heap before
{Heap before GC invocations=6 (full 0):
 garbage-first heap   total 120832K, used 29276K [0x0000000080000000, 0x0000000100000000)
  region size 1024K, 15 young (15360K), 6 survivors (6144K)
 Metaspace       used 35037K, capacity 35790K, committed 35840K, reserved 1081344K
  class space    used 4557K, capacity 4863K, committed 4864K, reserved 1048576K
}
Event: 4.848 GC heap after
{Heap after GC invocations=7 (full 0):
 garbage-first heap   total 120832K, used 22506K [0x0000000080000000, 0x0000000100000000)
  region size 1024K, 4 young (4096K), 4 survivors (4096K)
 Metaspace       used 35037K, capacity 35790K, committed 35840K, reserved 1081344K
  class space    used 4557K, capacity 4863K, committed 4864K, reserved 1048576K
}
Event: 5.878 GC heap before
{Heap before GC invocations=8 (full 0):
 garbage-first heap   total 120832K, used 79850K [0x0000000080000000, 0x0000000100000000)
  region size 1024K, 58 young (59392K), 4 survivors (4096K)
 Metaspace       used 39002K, capacity 39953K, committed 40268K, reserved 1083392K
  class space    used 4996K, capacity 5351K, committed 5452K, reserved 1048576K
}
Event: 5.913 GC heap after
{Heap after GC invocations=9 (full 0):
 garbage-first heap   total 120832K, used 26679K [0x0000000080000000, 0x0000000100000000)
  region size 1024K, 8 young (8192K), 8 survivors (8192K)
 Metaspace       used 39002K, capacity 39953K, committed 40268K, reserved 1083392K
  class space    used 4996K, capacity 5351K, committed 5452K, reserved 1048576K
}
Event: 6.666 GC heap before
{Heap before GC invocations=9 (full 0):
 garbage-first heap   total 120832K, used 81975K [0x0000000080000000, 0x0000000100000000)
  region size 1024K, 62 young (63488K), 8 survivors (8192K)
 Metaspace       used 44197K, capacity 45206K, committed 45516K, reserved 1089536K
  class space    used 5662K, capacity 6025K, committed 6092K, reserved 1048576K
}
Event: 6.675 GC heap after
{Heap after GC invocations=10 (full 0):
 garbage-first heap   total 145408K, used 28842K [0x0000000080000000, 0x0000000100000000)
  region size 1024K, 3 young (3072K), 3 survivors (3072K)
 Metaspace       used 44197K, capacity 45206K, committed 45516K, reserved 1089536K
  class space    used 5662K, capacity 6025K, committed 6092K, reserved 1048576K
}
Event: 7.698 GC heap before
{Heap before GC invocations=10 (full 0):
 garbage-first heap   total 145408K, used 96426K [0x0000000080000000, 0x0000000100000000)
  region size 1024K, 69 young (70656K), 3 survivors (3072K)
 Metaspace       used 47701K, capacity 48869K, committed 49100K, reserved 1091584K
  class space    used 6109K, capacity 6585K, committed 6604K, reserved 1048576K
}
Event: 7.702 GC heap after
{Heap after GC invocations=11 (full 0):
 garbage-first heap   total 145408K, used 30958K [0x0000000080000000, 0x0000000100000000)
  region size 1024K, 6 young (6144K), 6 survivors (6144K)
 Metaspace       used 47701K, capacity 48869K, committed 49100K, reserved 1091584K
  class space    used 6109K, capacity 6585K, committed 6604K, reserved 1048576K
}

